2025-03-30 11:49:53.556 | INFO     | __main__:main:41 - Starting data preparation...
2025-03-30 11:49:53.556 | INFO     | __main__:read_raw_data:26 - Reading raw data from C:\Projects\smart-store-kyle\data\raw\customers_data.csv.
2025-03-30 11:49:53.563 | INFO     | __main__:read_raw_data:26 - Reading raw data from C:\Projects\smart-store-kyle\data\raw\products_data.csv.
2025-03-30 11:49:53.564 | INFO     | __main__:read_raw_data:26 - Reading raw data from C:\Projects\smart-store-kyle\data\raw\sales_data.csv.
2025-03-30 11:49:53.566 | INFO     | __main__:main:45 - Data preparation complete.
2025-03-30 11:50:44.649 | INFO     | __main__:main:162 - ==================================
2025-03-30 11:50:44.649 | INFO     | __main__:main:163 - STARTING prepare_customers_data.py
2025-03-30 11:50:44.649 | INFO     | __main__:main:164 - ==================================
2025-03-30 11:50:44.649 | INFO     | __main__:main:166 - Root project folder: C:\Projects\smart-store-kyle
2025-03-30 11:50:44.649 | INFO     | __main__:main:167 - data / raw folder: C:\Projects\smart-store-kyle\data\raw
2025-03-30 11:50:44.650 | INFO     | __main__:main:168 - data / prepared folder: C:\Projects\smart-store-kyle\data\prepared
2025-03-30 11:50:44.650 | INFO     | __main__:main:169 - scripts folder: C:\Projects\smart-store-kyle\scripts
2025-03-30 11:50:44.650 | INFO     | __main__:read_raw_data:66 - FUNCTION START: read_raw_data with file_name=customers_data.csv
2025-03-30 11:50:44.650 | INFO     | __main__:read_raw_data:68 - Reading data from C:\Projects\smart-store-kyle\data\raw\customers_data.csv
2025-03-30 11:50:44.653 | INFO     | __main__:read_raw_data:70 - Loaded dataframe with 11 rows and 6 columns
2025-03-30 11:50:44.653 | INFO     | __main__:main:178 - Initial dataframe columns: CustomerID, Name, Region, JoinDate, LoyaltyPoints, PreferredContactMethod
2025-03-30 11:50:44.653 | INFO     | __main__:main:179 - Initial dataframe shape: (11, 6)
2025-03-30 11:50:44.653 | INFO     | __main__:remove_duplicates:98 - FUNCTION START: remove_duplicates with dataframe shape=(11, 6)
2025-03-30 11:50:44.655 | INFO     | __main__:remove_duplicates:102 - Removed 0 duplicate rows
2025-03-30 11:50:44.655 | INFO     | __main__:remove_duplicates:103 - 11 records remaining after removing duplicates.
2025-03-30 11:50:44.655 | INFO     | __main__:handle_missing_values:117 - FUNCTION START: handle_missing_values with dataframe shape=(11, 6)
2025-03-30 11:50:44.655 | INFO     | __main__:handle_missing_values:121 - Total missing values before handling: 0
2025-03-30 11:50:44.656 | INFO     | __main__:handle_missing_values:130 - Total missing values after handling: 0
2025-03-30 11:50:44.656 | INFO     | __main__:handle_missing_values:131 - 11 records remaining after handling missing values.
2025-03-30 11:50:44.656 | INFO     | __main__:remove_outliers:145 - FUNCTION START: remove_outliers with dataframe shape=(11, 6)
2025-03-30 11:50:44.656 | INFO     | __main__:remove_outliers:153 - Removed 0 outlier rows
2025-03-30 11:50:44.656 | INFO     | __main__:remove_outliers:154 - 11 records remaining after removing outliers.
2025-03-30 11:50:44.656 | INFO     | __main__:save_prepared_data:81 - FUNCTION START: save_prepared_data with file_name=customers_data_prepared.csv, dataframe shape=(11, 6)
2025-03-30 11:50:44.663 | INFO     | __main__:save_prepared_data:84 - Data saved to C:\Projects\smart-store-kyle\data\prepared\customers_data_prepared.csv
2025-03-30 11:50:44.664 | INFO     | __main__:main:202 - ==================================
2025-03-30 11:50:44.664 | INFO     | __main__:main:203 - FINISHED prepare_customers_data.py
2025-03-30 11:50:44.664 | INFO     | __main__:main:204 - ==================================
2025-03-30 11:52:21.639 | INFO     | __main__:main:227 - ==================================
2025-03-30 11:52:21.640 | INFO     | __main__:main:228 - STARTING prepare_products_data.py
2025-03-30 11:52:21.640 | INFO     | __main__:main:229 - ==================================
2025-03-30 11:52:21.640 | INFO     | __main__:main:231 - Root project folder: C:\Projects\smart-store-kyle
2025-03-30 11:52:21.640 | INFO     | __main__:main:232 - data / raw folder: C:\Projects\smart-store-kyle\data\raw
2025-03-30 11:52:21.640 | INFO     | __main__:main:233 - data / prepared folder: C:\Projects\smart-store-kyle\data\prepared
2025-03-30 11:52:21.640 | INFO     | __main__:read_raw_data:59 - FUNCTION START: read_raw_data with file_name=products_data.csv
2025-03-30 11:52:21.641 | INFO     | __main__:read_raw_data:61 - Reading data from C:\Projects\smart-store-kyle\data\raw\products_data.csv
2025-03-30 11:52:21.643 | INFO     | __main__:read_raw_data:63 - Loaded dataframe with 8 rows and 6 columns
2025-03-30 11:52:21.644 | INFO     | __main__:main:242 - Initial dataframe columns: ProductID, ProductName, Category, UnitPrice, YearAdded, Brand
2025-03-30 11:52:21.644 | INFO     | __main__:main:243 - Initial dataframe shape: (8, 6)
2025-03-30 11:52:21.644 | INFO     | __main__:main:252 - Cleaned column names: ProductID -> productid, ProductName -> productname, Category -> category, UnitPrice -> unitprice, YearAdded -> yearadded, Brand -> brand
2025-03-30 11:52:21.644 | INFO     | __main__:remove_duplicates:96 - FUNCTION START: remove_duplicates with dataframe shape=(8, 6)
2025-03-30 11:52:21.645 | INFO     | __main__:remove_duplicates:106 - Removed 0 duplicate rows
2025-03-30 11:52:21.646 | INFO     | __main__:remove_duplicates:107 - 8 records remaining after removing duplicates.
2025-03-30 11:52:21.646 | INFO     | __main__:handle_missing_values:121 - FUNCTION START: handle_missing_values with dataframe shape=(8, 6)
2025-03-30 11:52:21.647 | INFO     | __main__:handle_missing_values:126 - Missing values by column before handling:
productid      0
productname    0
category       0
unitprice      0
yearadded      0
brand          0
dtype: int64
2025-03-30 11:52:21.647 | INFO     | __main__:handle_missing_values:140 - Missing values by column after handling:
productid      0
productname    0
category       0
unitprice      0
yearadded      0
brand          0
dtype: int64
2025-03-30 11:52:21.647 | INFO     | __main__:handle_missing_values:141 - 8 records remaining after handling missing values.
2025-03-30 11:52:21.647 | INFO     | __main__:standardize_formats:188 - FUNCTION START: standardize_formats with dataframe shape=(8, 6)
2025-03-30 11:52:21.648 | INFO     | __main__:standardize_formats:198 - Completed standardizing formats
2025-03-30 11:52:21.648 | INFO     | __main__:remove_outliers:155 - FUNCTION START: remove_outliers with dataframe shape=(8, 6)
2025-03-30 11:52:21.648 | INFO     | __main__:remove_outliers:174 - Removed 0 outlier rows
2025-03-30 11:52:21.648 | INFO     | __main__:remove_outliers:175 - 8 records remaining after removing outliers.
2025-03-30 11:52:21.648 | INFO     | __main__:validate_data:211 - FUNCTION START: validate_data with dataframe shape=(8, 6)
2025-03-30 11:52:21.648 | INFO     | __main__:validate_data:220 - Data validation complete
2025-03-30 11:52:21.648 | INFO     | __main__:save_prepared_data:81 - FUNCTION START: save_prepared_data with file_name=products_data_prepared.csv, dataframe shape=(8, 6)
2025-03-30 11:52:21.650 | INFO     | __main__:save_prepared_data:84 - Data saved to C:\Projects\smart-store-kyle\data\prepared\products_data_prepared.csv
2025-03-30 11:52:21.650 | INFO     | __main__:main:264 - ==================================
2025-03-30 11:52:21.651 | INFO     | __main__:main:265 - FINISHED prepare_products_data.py
2025-03-30 11:52:21.651 | INFO     | __main__:main:266 - ==================================
2025-03-30 11:52:54.817 | INFO     | __main__:main:182 - ==================================
2025-03-30 11:52:54.818 | INFO     | __main__:main:183 - STARTING prepare_sales_data.py
2025-03-30 11:52:54.818 | INFO     | __main__:main:184 - ==================================
2025-03-30 11:52:54.818 | INFO     | __main__:main:186 - Root project folder: C:\Projects\smart-store-kyle
2025-03-30 11:52:54.818 | INFO     | __main__:main:187 - data / raw folder: C:\Projects\smart-store-kyle\data\raw
2025-03-30 11:52:54.818 | INFO     | __main__:main:188 - data / prepared folder: C:\Projects\smart-store-kyle\data\prepared
2025-03-30 11:52:54.819 | INFO     | __main__:read_raw_data:59 - FUNCTION START: read_raw_data with file_name=sales_data.csv
2025-03-30 11:52:54.819 | INFO     | __main__:read_raw_data:61 - Reading data from C:\Projects\smart-store-kyle\data\raw\sales_data.csv
2025-03-30 11:52:54.822 | INFO     | __main__:read_raw_data:63 - Loaded dataframe with 94 rows and 9 columns
2025-03-30 11:52:54.822 | INFO     | __main__:main:195 - Initial dataframe columns: TransactionID, SaleDate, CustomerID, ProductID, StoreID, CampaignID, SaleAmount, DiscountPercentage, PaymentType
2025-03-30 11:52:54.822 | INFO     | __main__:main:196 - Initial dataframe shape: (94, 9)
2025-03-30 11:52:54.822 | INFO     | __main__:remove_duplicates:89 - FUNCTION START: remove_duplicates with dataframe shape=(94, 9)
2025-03-30 11:52:54.823 | INFO     | __main__:remove_duplicates:93 - Removed 0 duplicate rows
2025-03-30 11:52:54.823 | INFO     | __main__:handle_missing_values:107 - FUNCTION START: handle_missing_values with dataframe shape=(94, 9)
2025-03-30 11:52:54.824 | INFO     | __main__:handle_missing_values:110 - Missing values by column before handling:
TransactionID         0
SaleDate              0
CustomerID            0
ProductID             0
StoreID               0
CampaignID            0
SaleAmount            0
DiscountPercentage    0
PaymentType           0
dtype: int64
2025-03-30 11:52:54.825 | INFO     | __main__:handle_missing_values:132 - Missing values by column after handling:
TransactionID         0
SaleDate              0
CustomerID            0
ProductID             0
StoreID               0
CampaignID            0
SaleAmount            0
DiscountPercentage    0
PaymentType           0
dtype: int64
2025-03-30 11:52:54.826 | INFO     | __main__:standardize_formats:160 - FUNCTION START: standardize_formats with dataframe shape=(94, 9)
2025-03-30 11:52:54.826 | INFO     | __main__:standardize_formats:161 - Completed standardizing formats
2025-03-30 11:52:54.826 | INFO     | __main__:remove_outliers:145 - FUNCTION START: remove_outliers with dataframe shape=(94, 9)
2025-03-30 11:52:54.826 | INFO     | __main__:remove_outliers:147 - No additional outlier removal implemented at this time.
2025-03-30 11:52:54.826 | INFO     | __main__:validate_data:174 - FUNCTION START: validate_data with dataframe shape=(94, 9)
2025-03-30 11:52:54.826 | INFO     | __main__:validate_data:175 - Data validation complete
2025-03-30 11:52:54.826 | INFO     | __main__:save_prepared_data:74 - FUNCTION START: save_prepared_data with file_name=sales_data_prepared.csv, dataframe shape=(94, 9)
2025-03-30 11:52:54.829 | INFO     | __main__:save_prepared_data:77 - Data saved to C:\Projects\smart-store-kyle\data\prepared\sales_data_prepared.csv
2025-03-30 11:52:54.830 | INFO     | __main__:main:212 - ==================================
2025-03-30 11:52:54.830 | INFO     | __main__:main:213 - FINISHED prepare_sales_data.py
2025-03-30 11:52:54.830 | INFO     | __main__:main:214 - ==================================
2025-03-30 11:56:49.028 | INFO     | __main__:main:41 - STARTING logger.py
2025-03-30 11:56:49.028 | INFO     | __main__:log_example:34 - This is an example info message.
2025-03-30 11:56:49.028 | WARNING  | __main__:log_example:35 - This is an example warning message.
2025-03-30 11:56:49.028 | ERROR    | __main__:log_example:36 - This is an example error message.
2025-03-30 11:56:49.028 | INFO     | __main__:main:46 - View the log output at C:\Projects\smart-store-kyle\logs\project_log.log
2025-03-30 11:56:49.028 | INFO     | __main__:main:47 - EXITING logger.py.
2025-03-30 11:57:21.594 | INFO     | __main__:main:41 - STARTING logger.py
2025-03-30 11:57:21.594 | INFO     | __main__:log_example:34 - This is an example info message.
2025-03-30 11:57:21.595 | WARNING  | __main__:log_example:35 - This is an example warning message.
2025-03-30 11:57:21.595 | ERROR    | __main__:log_example:36 - This is an example error message.
2025-03-30 11:57:21.595 | INFO     | __main__:main:46 - View the log output at C:\Projects\smart-store-kyle\logs\project_log.log
2025-03-30 11:57:21.595 | INFO     | __main__:main:47 - EXITING logger.py.
2025-03-30 21:17:42.615 | INFO     | __main__:<module>:36 - Logging to file: logs\project_log.log
2025-03-30 21:17:42.616 | INFO     | __main__:main:56 - STARTING logger.py
2025-03-30 21:17:42.616 | INFO     | __main__:log_example:47 - This is an example info message.
2025-03-30 21:17:42.616 | WARNING  | __main__:log_example:48 - This is an example warning message.
2025-03-30 21:17:42.616 | ERROR    | __main__:log_example:49 - This is an example error message.
2025-03-30 21:17:42.616 | INFO     | __main__:main:61 - View the log output at logs\project_log.log
2025-03-30 21:17:42.616 | INFO     | __main__:main:62 - EXITING logger.py.
2025-03-30 21:17:57.444 | INFO     | utils.logger:<module>:36 - Logging to file: logs\project_log.log
2025-03-30 21:17:57.447 | INFO     | __main__:main:59 - ======================
2025-03-30 21:17:57.447 | INFO     | __main__:main:60 - STARTING data_prep.py
2025-03-30 21:17:57.447 | INFO     | __main__:main:61 - ======================
2025-03-30 21:17:57.447 | INFO     | __main__:main:63 - ========================
2025-03-30 21:17:57.447 | INFO     | __main__:main:64 - Starting CUSTOMERS prep
2025-03-30 21:17:57.447 | INFO     | __main__:main:65 - ========================
2025-03-30 21:17:57.467 | INFO     | __main__:save_prepared_data:55 - Data saved to C:\Projects\smart-store-kyle\data\prepared\customers_data_prepared.csv
2025-03-30 21:17:57.467 | INFO     | __main__:main:85 - ========================
2025-03-30 21:17:57.467 | INFO     | __main__:main:86 - Starting PRODUCTS prep
2025-03-30 21:17:57.467 | INFO     | __main__:main:87 - ========================
2025-03-30 21:17:57.476 | INFO     | __main__:save_prepared_data:55 - Data saved to C:\Projects\smart-store-kyle\data\prepared\products_data_prepared.csv
2025-03-30 21:17:57.476 | INFO     | __main__:main:103 - ========================
2025-03-30 21:17:57.476 | INFO     | __main__:main:104 - Starting SALES prep
2025-03-30 21:17:57.476 | INFO     | __main__:main:105 - ========================
2025-03-30 21:17:57.492 | INFO     | __main__:save_prepared_data:55 - Data saved to C:\Projects\smart-store-kyle\data\prepared\sales_data_prepared.csv
2025-03-30 21:17:57.492 | INFO     | __main__:main:124 - ======================
2025-03-30 21:17:57.492 | INFO     | __main__:main:125 - FINISHED data_prep.py
2025-03-30 21:17:57.492 | INFO     | __main__:main:126 - ======================
2025-03-30 21:52:07.888 | INFO     | __main__:<module>:36 - Logging to file: logs\project_log.log
2025-03-30 21:52:07.888 | INFO     | __main__:main:56 - STARTING logger.py
2025-03-30 21:52:07.888 | INFO     | __main__:log_example:47 - This is an example info message.
2025-03-30 21:52:07.888 | WARNING  | __main__:log_example:48 - This is an example warning message.
2025-03-30 21:52:07.888 | ERROR    | __main__:log_example:49 - This is an example error message.
2025-03-30 21:52:07.889 | INFO     | __main__:main:61 - View the log output at logs\project_log.log
2025-03-30 21:52:07.889 | INFO     | __main__:main:62 - EXITING logger.py.
2025-03-30 21:52:12.660 | INFO     | utils.logger:<module>:36 - Logging to file: logs\project_log.log
2025-03-30 21:52:12.662 | INFO     | __main__:main:59 - ======================
2025-03-30 21:52:12.662 | INFO     | __main__:main:60 - STARTING data_prep.py
2025-03-30 21:52:12.662 | INFO     | __main__:main:61 - ======================
2025-03-30 21:52:12.662 | INFO     | __main__:main:63 - ========================
2025-03-30 21:52:12.663 | INFO     | __main__:main:64 - Starting CUSTOMERS prep
2025-03-30 21:52:12.663 | INFO     | __main__:main:65 - ========================
2025-03-30 21:52:12.682 | INFO     | __main__:save_prepared_data:55 - Data saved to C:\Projects\smart-store-kyle\data\prepared\customers_data_prepared.csv
2025-03-30 21:52:12.682 | INFO     | __main__:main:85 - ========================
2025-03-30 21:52:12.683 | INFO     | __main__:main:86 - Starting PRODUCTS prep
2025-03-30 21:52:12.683 | INFO     | __main__:main:87 - ========================
2025-03-30 21:52:12.691 | INFO     | __main__:save_prepared_data:55 - Data saved to C:\Projects\smart-store-kyle\data\prepared\products_data_prepared.csv
2025-03-30 21:52:12.691 | INFO     | __main__:main:103 - ========================
2025-03-30 21:52:12.692 | INFO     | __main__:main:104 - Starting SALES prep
2025-03-30 21:52:12.692 | INFO     | __main__:main:105 - ========================
2025-03-30 21:52:12.708 | INFO     | __main__:save_prepared_data:55 - Data saved to C:\Projects\smart-store-kyle\data\prepared\sales_data_prepared.csv
2025-03-30 21:52:12.708 | INFO     | __main__:main:124 - ======================
2025-03-30 21:52:12.708 | INFO     | __main__:main:125 - FINISHED data_prep.py
2025-03-30 21:52:12.709 | INFO     | __main__:main:126 - ======================
